C:\USERS\администратор\DOCUMENTS\VISUAL STUDIO 2012\PROJECTS\SNAKEXENZIA\SNAKEXENZIA\DEBUG\GAME.OBJ
C:\USERS\администратор\DOCUMENTS\VISUAL STUDIO 2012\PROJECTS\SNAKEXENZIA\SNAKEXENZIA\DEBUG\MYFORM.OBJ
C:\USERS\АДМИНИСТРАТОР\DOCUMENTS\VISUAL STUDIO 2012\PROJECTS\SNAKEXENZIA\SNAKEXENZIA\DEBUG\VC110.PDB
C:\USERS\администратор\DOCUMENTS\VISUAL STUDIO 2012\PROJECTS\SNAKEXENZIA\DEBUG\SNAKEXENZIA.ILK
C:\USERS\администратор\DOCUMENTS\VISUAL STUDIO 2012\PROJECTS\SNAKEXENZIA\DEBUG\SNAKEXENZIA.EXE
C:\USERS\АДМИНИСТРАТОР\DOCUMENTS\VISUAL STUDIO 2012\PROJECTS\SNAKEXENZIA\DEBUG\SNAKEXENZIA.PDB
c:\Users\администратор\documents\visual studio 2012\Projects\SnakeXenzia\SnakeXenzia\Debug\SnakeXenzia.MyForm.resources
c:\Users\администратор\documents\visual studio 2012\Projects\SnakeXenzia\SnakeXenzia\Debug\SnakeXenzia.game.resources
c:\Users\администратор\documents\visual studio 2012\Projects\SnakeXenzia\SnakeXenzia\Debug\SnakeXenzia.vcxproj.GenerateResource.Cache
c:\Users\администратор\documents\visual studio 2012\Projects\SnakeXenzia\SnakeXenzia\Debug\SnakeXenzia.vcxprojResolveAssemblyReference.cache
c:\Users\администратор\documents\visual studio 2012\Projects\SnakeXenzia\SnakeXenzia\Debug\game.obj
c:\Users\администратор\documents\visual studio 2012\Projects\SnakeXenzia\SnakeXenzia\Debug\MyForm.obj
c:\Users\администратор\documents\visual studio 2012\Projects\SnakeXenzia\SnakeXenzia\Debug\cl.command.1.tlog
c:\Users\администратор\documents\visual studio 2012\Projects\SnakeXenzia\SnakeXenzia\Debug\CL.read.1.tlog
c:\Users\администратор\documents\visual studio 2012\Projects\SnakeXenzia\SnakeXenzia\Debug\CL.write.1.tlog
c:\Users\администратор\documents\visual studio 2012\Projects\SnakeXenzia\SnakeXenzia\Debug\link.1316-cvtres.read.1.tlog
c:\Users\администратор\documents\visual studio 2012\Projects\SnakeXenzia\SnakeXenzia\Debug\link.1316-cvtres.write.1.tlog
c:\Users\администратор\documents\visual studio 2012\Projects\SnakeXenzia\SnakeXenzia\Debug\link.1316-rc.read.1.tlog
c:\Users\администратор\documents\visual studio 2012\Projects\SnakeXenzia\SnakeXenzia\Debug\link.1316-rc.write.1.tlog
c:\Users\администратор\documents\visual studio 2012\Projects\SnakeXenzia\SnakeXenzia\Debug\link.1316.read.1.tlog
c:\Users\администратор\documents\visual studio 2012\Projects\SnakeXenzia\SnakeXenzia\Debug\link.1316.write.1.tlog
c:\Users\администратор\documents\visual studio 2012\Projects\SnakeXenzia\SnakeXenzia\Debug\link.1404-cvtres.read.1.tlog
c:\Users\администратор\documents\visual studio 2012\Projects\SnakeXenzia\SnakeXenzia\Debug\link.1404-cvtres.write.1.tlog
c:\Users\администратор\documents\visual studio 2012\Projects\SnakeXenzia\SnakeXenzia\Debug\link.1404-rc.read.1.tlog
c:\Users\администратор\documents\visual studio 2012\Projects\SnakeXenzia\SnakeXenzia\Debug\link.1404-rc.write.1.tlog
c:\Users\администратор\documents\visual studio 2012\Projects\SnakeXenzia\SnakeXenzia\Debug\link.1404.read.1.tlog
c:\Users\администратор\documents\visual studio 2012\Projects\SnakeXenzia\SnakeXenzia\Debug\link.1404.write.1.tlog
c:\Users\администратор\documents\visual studio 2012\Projects\SnakeXenzia\SnakeXenzia\Debug\link.1660-cvtres.read.1.tlog
c:\Users\администратор\documents\visual studio 2012\Projects\SnakeXenzia\SnakeXenzia\Debug\link.1660-cvtres.write.1.tlog
c:\Users\администратор\documents\visual studio 2012\Projects\SnakeXenzia\SnakeXenzia\Debug\link.1660-rc.read.1.tlog
c:\Users\администратор\documents\visual studio 2012\Projects\SnakeXenzia\SnakeXenzia\Debug\link.1660-rc.write.1.tlog
c:\Users\администратор\documents\visual studio 2012\Projects\SnakeXenzia\SnakeXenzia\Debug\link.1660.read.1.tlog
c:\Users\администратор\documents\visual studio 2012\Projects\SnakeXenzia\SnakeXenzia\Debug\link.1660.write.1.tlog
c:\Users\администратор\documents\visual studio 2012\Projects\SnakeXenzia\SnakeXenzia\Debug\link.1820-cvtres.read.1.tlog
c:\Users\администратор\documents\visual studio 2012\Projects\SnakeXenzia\SnakeXenzia\Debug\link.1820-cvtres.write.1.tlog
c:\Users\администратор\documents\visual studio 2012\Projects\SnakeXenzia\SnakeXenzia\Debug\link.1820-rc.read.1.tlog
c:\Users\администратор\documents\visual studio 2012\Projects\SnakeXenzia\SnakeXenzia\Debug\link.1820-rc.write.1.tlog
c:\Users\администратор\documents\visual studio 2012\Projects\SnakeXenzia\SnakeXenzia\Debug\link.1820.read.1.tlog
c:\Users\администратор\documents\visual studio 2012\Projects\SnakeXenzia\SnakeXenzia\Debug\link.1820.write.1.tlog
c:\Users\администратор\documents\visual studio 2012\Projects\SnakeXenzia\SnakeXenzia\Debug\link.1864-cvtres.read.1.tlog
c:\Users\администратор\documents\visual studio 2012\Projects\SnakeXenzia\SnakeXenzia\Debug\link.1864-cvtres.write.1.tlog
c:\Users\администратор\documents\visual studio 2012\Projects\SnakeXenzia\SnakeXenzia\Debug\link.1864-rc.read.1.tlog
c:\Users\администратор\documents\visual studio 2012\Projects\SnakeXenzia\SnakeXenzia\Debug\link.1864-rc.write.1.tlog
c:\Users\администратор\documents\visual studio 2012\Projects\SnakeXenzia\SnakeXenzia\Debug\link.1864.read.1.tlog
c:\Users\администратор\documents\visual studio 2012\Projects\SnakeXenzia\SnakeXenzia\Debug\link.1864.write.1.tlog
c:\Users\администратор\documents\visual studio 2012\Projects\SnakeXenzia\SnakeXenzia\Debug\link.1948-cvtres.read.1.tlog
c:\Users\администратор\documents\visual studio 2012\Projects\SnakeXenzia\SnakeXenzia\Debug\link.1948-cvtres.write.1.tlog
c:\Users\администратор\documents\visual studio 2012\Projects\SnakeXenzia\SnakeXenzia\Debug\link.1948-rc.read.1.tlog
c:\Users\администратор\documents\visual studio 2012\Projects\SnakeXenzia\SnakeXenzia\Debug\link.1948-rc.write.1.tlog
c:\Users\администратор\documents\visual studio 2012\Projects\SnakeXenzia\SnakeXenzia\Debug\link.1948.read.1.tlog
c:\Users\администратор\documents\visual studio 2012\Projects\SnakeXenzia\SnakeXenzia\Debug\link.1948.write.1.tlog
c:\Users\администратор\documents\visual studio 2012\Projects\SnakeXenzia\SnakeXenzia\Debug\link.1972-cvtres.read.1.tlog
c:\Users\администратор\documents\visual studio 2012\Projects\SnakeXenzia\SnakeXenzia\Debug\link.1972-cvtres.write.1.tlog
c:\Users\администратор\documents\visual studio 2012\Projects\SnakeXenzia\SnakeXenzia\Debug\link.1972-rc.read.1.tlog
c:\Users\администратор\documents\visual studio 2012\Projects\SnakeXenzia\SnakeXenzia\Debug\link.1972-rc.write.1.tlog
c:\Users\администратор\documents\visual studio 2012\Projects\SnakeXenzia\SnakeXenzia\Debug\link.1972.read.1.tlog
c:\Users\администратор\documents\visual studio 2012\Projects\SnakeXenzia\SnakeXenzia\Debug\link.1972.write.1.tlog
c:\Users\администратор\documents\visual studio 2012\Projects\SnakeXenzia\SnakeXenzia\Debug\link.2120-cvtres.read.1.tlog
c:\Users\администратор\documents\visual studio 2012\Projects\SnakeXenzia\SnakeXenzia\Debug\link.2120-cvtres.write.1.tlog
c:\Users\администратор\documents\visual studio 2012\Projects\SnakeXenzia\SnakeXenzia\Debug\link.2120-rc.read.1.tlog
c:\Users\администратор\documents\visual studio 2012\Projects\SnakeXenzia\SnakeXenzia\Debug\link.2120-rc.write.1.tlog
c:\Users\администратор\documents\visual studio 2012\Projects\SnakeXenzia\SnakeXenzia\Debug\link.2120.read.1.tlog
c:\Users\администратор\documents\visual studio 2012\Projects\SnakeXenzia\SnakeXenzia\Debug\link.2120.write.1.tlog
c:\Users\администратор\documents\visual studio 2012\Projects\SnakeXenzia\SnakeXenzia\Debug\link.2272-cvtres.read.1.tlog
c:\Users\администратор\documents\visual studio 2012\Projects\SnakeXenzia\SnakeXenzia\Debug\link.2272-cvtres.write.1.tlog
c:\Users\администратор\documents\visual studio 2012\Projects\SnakeXenzia\SnakeXenzia\Debug\link.2272-rc.read.1.tlog
c:\Users\администратор\documents\visual studio 2012\Projects\SnakeXenzia\SnakeXenzia\Debug\link.2272-rc.write.1.tlog
c:\Users\администратор\documents\visual studio 2012\Projects\SnakeXenzia\SnakeXenzia\Debug\link.2272.read.1.tlog
c:\Users\администратор\documents\visual studio 2012\Projects\SnakeXenzia\SnakeXenzia\Debug\link.2272.write.1.tlog
c:\Users\администратор\documents\visual studio 2012\Projects\SnakeXenzia\SnakeXenzia\Debug\link.2504-cvtres.read.1.tlog
c:\Users\администратор\documents\visual studio 2012\Projects\SnakeXenzia\SnakeXenzia\Debug\link.2504-cvtres.write.1.tlog
c:\Users\администратор\documents\visual studio 2012\Projects\SnakeXenzia\SnakeXenzia\Debug\link.2504-rc.read.1.tlog
c:\Users\администратор\documents\visual studio 2012\Projects\SnakeXenzia\SnakeXenzia\Debug\link.2504-rc.write.1.tlog
c:\Users\администратор\documents\visual studio 2012\Projects\SnakeXenzia\SnakeXenzia\Debug\link.2504.read.1.tlog
c:\Users\администратор\documents\visual studio 2012\Projects\SnakeXenzia\SnakeXenzia\Debug\link.2504.write.1.tlog
c:\Users\администратор\documents\visual studio 2012\Projects\SnakeXenzia\SnakeXenzia\Debug\link.2580-cvtres.read.1.tlog
c:\Users\администратор\documents\visual studio 2012\Projects\SnakeXenzia\SnakeXenzia\Debug\link.2580-cvtres.write.1.tlog
c:\Users\администратор\documents\visual studio 2012\Projects\SnakeXenzia\SnakeXenzia\Debug\link.2580-rc.read.1.tlog
c:\Users\администратор\documents\visual studio 2012\Projects\SnakeXenzia\SnakeXenzia\Debug\link.2580-rc.write.1.tlog
c:\Users\администратор\documents\visual studio 2012\Projects\SnakeXenzia\SnakeXenzia\Debug\link.2580.read.1.tlog
c:\Users\администратор\documents\visual studio 2012\Projects\SnakeXenzia\SnakeXenzia\Debug\link.2580.write.1.tlog
c:\Users\администратор\documents\visual studio 2012\Projects\SnakeXenzia\SnakeXenzia\Debug\link.2692-cvtres.read.1.tlog
c:\Users\администратор\documents\visual studio 2012\Projects\SnakeXenzia\SnakeXenzia\Debug\link.2692-cvtres.write.1.tlog
c:\Users\администратор\documents\visual studio 2012\Projects\SnakeXenzia\SnakeXenzia\Debug\link.2692-rc.read.1.tlog
c:\Users\администратор\documents\visual studio 2012\Projects\SnakeXenzia\SnakeXenzia\Debug\link.2692-rc.write.1.tlog
c:\Users\администратор\documents\visual studio 2012\Projects\SnakeXenzia\SnakeXenzia\Debug\link.2692.read.1.tlog
c:\Users\администратор\documents\visual studio 2012\Projects\SnakeXenzia\SnakeXenzia\Debug\link.2692.write.1.tlog
c:\Users\администратор\documents\visual studio 2012\Projects\SnakeXenzia\SnakeXenzia\Debug\link.2704-cvtres.read.1.tlog
c:\Users\администратор\documents\visual studio 2012\Projects\SnakeXenzia\SnakeXenzia\Debug\link.2704-cvtres.write.1.tlog
c:\Users\администратор\documents\visual studio 2012\Projects\SnakeXenzia\SnakeXenzia\Debug\link.2704-rc.read.1.tlog
c:\Users\администратор\documents\visual studio 2012\Projects\SnakeXenzia\SnakeXenzia\Debug\link.2704-rc.write.1.tlog
c:\Users\администратор\documents\visual studio 2012\Projects\SnakeXenzia\SnakeXenzia\Debug\link.2704.read.1.tlog
c:\Users\администратор\documents\visual studio 2012\Projects\SnakeXenzia\SnakeXenzia\Debug\link.2704.write.1.tlog
c:\Users\администратор\documents\visual studio 2012\Projects\SnakeXenzia\SnakeXenzia\Debug\link.2824-cvtres.read.1.tlog
c:\Users\администратор\documents\visual studio 2012\Projects\SnakeXenzia\SnakeXenzia\Debug\link.2824-cvtres.write.1.tlog
c:\Users\администратор\documents\visual studio 2012\Projects\SnakeXenzia\SnakeXenzia\Debug\link.2824-rc.read.1.tlog
c:\Users\администратор\documents\visual studio 2012\Projects\SnakeXenzia\SnakeXenzia\Debug\link.2824-rc.write.1.tlog
c:\Users\администратор\documents\visual studio 2012\Projects\SnakeXenzia\SnakeXenzia\Debug\link.2824.read.1.tlog
c:\Users\администратор\documents\visual studio 2012\Projects\SnakeXenzia\SnakeXenzia\Debug\link.2824.write.1.tlog
c:\Users\администратор\documents\visual studio 2012\Projects\SnakeXenzia\SnakeXenzia\Debug\link.2880-cvtres.read.1.tlog
c:\Users\администратор\documents\visual studio 2012\Projects\SnakeXenzia\SnakeXenzia\Debug\link.2880-cvtres.write.1.tlog
c:\Users\администратор\documents\visual studio 2012\Projects\SnakeXenzia\SnakeXenzia\Debug\link.2880-rc.read.1.tlog
c:\Users\администратор\documents\visual studio 2012\Projects\SnakeXenzia\SnakeXenzia\Debug\link.2880-rc.write.1.tlog
c:\Users\администратор\documents\visual studio 2012\Projects\SnakeXenzia\SnakeXenzia\Debug\link.2880.read.1.tlog
c:\Users\администратор\documents\visual studio 2012\Projects\SnakeXenzia\SnakeXenzia\Debug\link.2880.write.1.tlog
c:\Users\администратор\documents\visual studio 2012\Projects\SnakeXenzia\SnakeXenzia\Debug\link.2904-cvtres.read.1.tlog
c:\Users\администратор\documents\visual studio 2012\Projects\SnakeXenzia\SnakeXenzia\Debug\link.2904-cvtres.write.1.tlog
c:\Users\администратор\documents\visual studio 2012\Projects\SnakeXenzia\SnakeXenzia\Debug\link.2904-rc.read.1.tlog
c:\Users\администратор\documents\visual studio 2012\Projects\SnakeXenzia\SnakeXenzia\Debug\link.2904-rc.write.1.tlog
c:\Users\администратор\documents\visual studio 2012\Projects\SnakeXenzia\SnakeXenzia\Debug\link.2904.read.1.tlog
c:\Users\администратор\documents\visual studio 2012\Projects\SnakeXenzia\SnakeXenzia\Debug\link.2904.write.1.tlog
c:\Users\администратор\documents\visual studio 2012\Projects\SnakeXenzia\SnakeXenzia\Debug\link.2944-cvtres.read.1.tlog
c:\Users\администратор\documents\visual studio 2012\Projects\SnakeXenzia\SnakeXenzia\Debug\link.2944-cvtres.write.1.tlog
c:\Users\администратор\documents\visual studio 2012\Projects\SnakeXenzia\SnakeXenzia\Debug\link.2944-rc.read.1.tlog
c:\Users\администратор\documents\visual studio 2012\Projects\SnakeXenzia\SnakeXenzia\Debug\link.2944-rc.write.1.tlog
c:\Users\администратор\documents\visual studio 2012\Projects\SnakeXenzia\SnakeXenzia\Debug\link.2944.read.1.tlog
c:\Users\администратор\documents\visual studio 2012\Projects\SnakeXenzia\SnakeXenzia\Debug\link.2944.write.1.tlog
c:\Users\администратор\documents\visual studio 2012\Projects\SnakeXenzia\SnakeXenzia\Debug\link.2948-cvtres.read.1.tlog
c:\Users\администратор\documents\visual studio 2012\Projects\SnakeXenzia\SnakeXenzia\Debug\link.2948-cvtres.write.1.tlog
c:\Users\администратор\documents\visual studio 2012\Projects\SnakeXenzia\SnakeXenzia\Debug\link.2948-rc.read.1.tlog
c:\Users\администратор\documents\visual studio 2012\Projects\SnakeXenzia\SnakeXenzia\Debug\link.2948-rc.write.1.tlog
c:\Users\администратор\documents\visual studio 2012\Projects\SnakeXenzia\SnakeXenzia\Debug\link.2948.read.1.tlog
c:\Users\администратор\documents\visual studio 2012\Projects\SnakeXenzia\SnakeXenzia\Debug\link.2948.write.1.tlog
c:\Users\администратор\documents\visual studio 2012\Projects\SnakeXenzia\SnakeXenzia\Debug\link.3056-cvtres.read.1.tlog
c:\Users\администратор\documents\visual studio 2012\Projects\SnakeXenzia\SnakeXenzia\Debug\link.3056-cvtres.write.1.tlog
c:\Users\администратор\documents\visual studio 2012\Projects\SnakeXenzia\SnakeXenzia\Debug\link.3056-rc.read.1.tlog
c:\Users\администратор\documents\visual studio 2012\Projects\SnakeXenzia\SnakeXenzia\Debug\link.3056-rc.write.1.tlog
c:\Users\администратор\documents\visual studio 2012\Projects\SnakeXenzia\SnakeXenzia\Debug\link.3056.read.1.tlog
c:\Users\администратор\documents\visual studio 2012\Projects\SnakeXenzia\SnakeXenzia\Debug\link.3056.write.1.tlog
c:\Users\администратор\documents\visual studio 2012\Projects\SnakeXenzia\SnakeXenzia\Debug\link.3248-cvtres.read.1.tlog
c:\Users\администратор\documents\visual studio 2012\Projects\SnakeXenzia\SnakeXenzia\Debug\link.3248-cvtres.write.1.tlog
c:\Users\администратор\documents\visual studio 2012\Projects\SnakeXenzia\SnakeXenzia\Debug\link.3248-rc.read.1.tlog
c:\Users\администратор\documents\visual studio 2012\Projects\SnakeXenzia\SnakeXenzia\Debug\link.3248-rc.write.1.tlog
c:\Users\администратор\documents\visual studio 2012\Projects\SnakeXenzia\SnakeXenzia\Debug\link.3248.read.1.tlog
c:\Users\администратор\documents\visual studio 2012\Projects\SnakeXenzia\SnakeXenzia\Debug\link.3248.write.1.tlog
c:\Users\администратор\documents\visual studio 2012\Projects\SnakeXenzia\SnakeXenzia\Debug\link.3260-cvtres.read.1.tlog
c:\Users\администратор\documents\visual studio 2012\Projects\SnakeXenzia\SnakeXenzia\Debug\link.3260-cvtres.write.1.tlog
c:\Users\администратор\documents\visual studio 2012\Projects\SnakeXenzia\SnakeXenzia\Debug\link.3260-rc.read.1.tlog
c:\Users\администратор\documents\visual studio 2012\Projects\SnakeXenzia\SnakeXenzia\Debug\link.3260-rc.write.1.tlog
c:\Users\администратор\documents\visual studio 2012\Projects\SnakeXenzia\SnakeXenzia\Debug\link.3260.read.1.tlog
c:\Users\администратор\documents\visual studio 2012\Projects\SnakeXenzia\SnakeXenzia\Debug\link.3260.write.1.tlog
c:\Users\администратор\documents\visual studio 2012\Projects\SnakeXenzia\SnakeXenzia\Debug\link.3352-cvtres.read.1.tlog
c:\Users\администратор\documents\visual studio 2012\Projects\SnakeXenzia\SnakeXenzia\Debug\link.3352-cvtres.write.1.tlog
c:\Users\администратор\documents\visual studio 2012\Projects\SnakeXenzia\SnakeXenzia\Debug\link.3352-rc.read.1.tlog
c:\Users\администратор\documents\visual studio 2012\Projects\SnakeXenzia\SnakeXenzia\Debug\link.3352-rc.write.1.tlog
c:\Users\администратор\documents\visual studio 2012\Projects\SnakeXenzia\SnakeXenzia\Debug\link.3352.read.1.tlog
c:\Users\администратор\documents\visual studio 2012\Projects\SnakeXenzia\SnakeXenzia\Debug\link.3352.write.1.tlog
c:\Users\администратор\documents\visual studio 2012\Projects\SnakeXenzia\SnakeXenzia\Debug\link.3412-cvtres.read.1.tlog
c:\Users\администратор\documents\visual studio 2012\Projects\SnakeXenzia\SnakeXenzia\Debug\link.3412-cvtres.write.1.tlog
c:\Users\администратор\documents\visual studio 2012\Projects\SnakeXenzia\SnakeXenzia\Debug\link.3412-rc.read.1.tlog
c:\Users\администратор\documents\visual studio 2012\Projects\SnakeXenzia\SnakeXenzia\Debug\link.3412-rc.write.1.tlog
c:\Users\администратор\documents\visual studio 2012\Projects\SnakeXenzia\SnakeXenzia\Debug\link.3412.read.1.tlog
c:\Users\администратор\documents\visual studio 2012\Projects\SnakeXenzia\SnakeXenzia\Debug\link.3412.write.1.tlog
c:\Users\администратор\documents\visual studio 2012\Projects\SnakeXenzia\SnakeXenzia\Debug\link.3556-cvtres.read.1.tlog
c:\Users\администратор\documents\visual studio 2012\Projects\SnakeXenzia\SnakeXenzia\Debug\link.3556-cvtres.write.1.tlog
c:\Users\администратор\documents\visual studio 2012\Projects\SnakeXenzia\SnakeXenzia\Debug\link.3556-rc.read.1.tlog
c:\Users\администратор\documents\visual studio 2012\Projects\SnakeXenzia\SnakeXenzia\Debug\link.3556-rc.write.1.tlog
c:\Users\администратор\documents\visual studio 2012\Projects\SnakeXenzia\SnakeXenzia\Debug\link.3556.read.1.tlog
c:\Users\администратор\documents\visual studio 2012\Projects\SnakeXenzia\SnakeXenzia\Debug\link.3556.write.1.tlog
c:\Users\администратор\documents\visual studio 2012\Projects\SnakeXenzia\SnakeXenzia\Debug\link.3580-cvtres.read.1.tlog
c:\Users\администратор\documents\visual studio 2012\Projects\SnakeXenzia\SnakeXenzia\Debug\link.3580-cvtres.write.1.tlog
c:\Users\администратор\documents\visual studio 2012\Projects\SnakeXenzia\SnakeXenzia\Debug\link.3580-rc.read.1.tlog
c:\Users\администратор\documents\visual studio 2012\Projects\SnakeXenzia\SnakeXenzia\Debug\link.3580-rc.write.1.tlog
c:\Users\администратор\documents\visual studio 2012\Projects\SnakeXenzia\SnakeXenzia\Debug\link.3580.read.1.tlog
c:\Users\администратор\documents\visual studio 2012\Projects\SnakeXenzia\SnakeXenzia\Debug\link.3580.write.1.tlog
c:\Users\администратор\documents\visual studio 2012\Projects\SnakeXenzia\SnakeXenzia\Debug\link.3616-cvtres.read.1.tlog
c:\Users\администратор\documents\visual studio 2012\Projects\SnakeXenzia\SnakeXenzia\Debug\link.3616-cvtres.write.1.tlog
c:\Users\администратор\documents\visual studio 2012\Projects\SnakeXenzia\SnakeXenzia\Debug\link.3616-rc.read.1.tlog
c:\Users\администратор\documents\visual studio 2012\Projects\SnakeXenzia\SnakeXenzia\Debug\link.3616-rc.write.1.tlog
c:\Users\администратор\documents\visual studio 2012\Projects\SnakeXenzia\SnakeXenzia\Debug\link.3616.read.1.tlog
c:\Users\администратор\documents\visual studio 2012\Projects\SnakeXenzia\SnakeXenzia\Debug\link.3616.write.1.tlog
c:\Users\администратор\documents\visual studio 2012\Projects\SnakeXenzia\SnakeXenzia\Debug\link.3672-cvtres.read.1.tlog
c:\Users\администратор\documents\visual studio 2012\Projects\SnakeXenzia\SnakeXenzia\Debug\link.3672-cvtres.write.1.tlog
c:\Users\администратор\documents\visual studio 2012\Projects\SnakeXenzia\SnakeXenzia\Debug\link.3672-rc.read.1.tlog
c:\Users\администратор\documents\visual studio 2012\Projects\SnakeXenzia\SnakeXenzia\Debug\link.3672-rc.write.1.tlog
c:\Users\администратор\documents\visual studio 2012\Projects\SnakeXenzia\SnakeXenzia\Debug\link.3672.read.1.tlog
c:\Users\администратор\documents\visual studio 2012\Projects\SnakeXenzia\SnakeXenzia\Debug\link.3672.write.1.tlog
c:\Users\администратор\documents\visual studio 2012\Projects\SnakeXenzia\SnakeXenzia\Debug\link.3720-cvtres.read.1.tlog
c:\Users\администратор\documents\visual studio 2012\Projects\SnakeXenzia\SnakeXenzia\Debug\link.3720-cvtres.write.1.tlog
c:\Users\администратор\documents\visual studio 2012\Projects\SnakeXenzia\SnakeXenzia\Debug\link.3720-rc.read.1.tlog
c:\Users\администратор\documents\visual studio 2012\Projects\SnakeXenzia\SnakeXenzia\Debug\link.3720-rc.write.1.tlog
c:\Users\администратор\documents\visual studio 2012\Projects\SnakeXenzia\SnakeXenzia\Debug\link.3720.read.1.tlog
c:\Users\администратор\documents\visual studio 2012\Projects\SnakeXenzia\SnakeXenzia\Debug\link.3720.write.1.tlog
c:\Users\администратор\documents\visual studio 2012\Projects\SnakeXenzia\SnakeXenzia\Debug\link.3816-cvtres.read.1.tlog
c:\Users\администратор\documents\visual studio 2012\Projects\SnakeXenzia\SnakeXenzia\Debug\link.3816-cvtres.write.1.tlog
c:\Users\администратор\documents\visual studio 2012\Projects\SnakeXenzia\SnakeXenzia\Debug\link.3816-rc.read.1.tlog
c:\Users\администратор\documents\visual studio 2012\Projects\SnakeXenzia\SnakeXenzia\Debug\link.3816-rc.write.1.tlog
c:\Users\администратор\documents\visual studio 2012\Projects\SnakeXenzia\SnakeXenzia\Debug\link.3816.read.1.tlog
c:\Users\администратор\documents\visual studio 2012\Projects\SnakeXenzia\SnakeXenzia\Debug\link.3816.write.1.tlog
c:\Users\администратор\documents\visual studio 2012\Projects\SnakeXenzia\SnakeXenzia\Debug\link.3892-cvtres.read.1.tlog
c:\Users\администратор\documents\visual studio 2012\Projects\SnakeXenzia\SnakeXenzia\Debug\link.3892-cvtres.write.1.tlog
c:\Users\администратор\documents\visual studio 2012\Projects\SnakeXenzia\SnakeXenzia\Debug\link.3892-rc.read.1.tlog
c:\Users\администратор\documents\visual studio 2012\Projects\SnakeXenzia\SnakeXenzia\Debug\link.3892-rc.write.1.tlog
c:\Users\администратор\documents\visual studio 2012\Projects\SnakeXenzia\SnakeXenzia\Debug\link.3892.read.1.tlog
c:\Users\администратор\documents\visual studio 2012\Projects\SnakeXenzia\SnakeXenzia\Debug\link.3892.write.1.tlog
c:\Users\администратор\documents\visual studio 2012\Projects\SnakeXenzia\SnakeXenzia\Debug\link.command.1.tlog
c:\Users\администратор\documents\visual studio 2012\Projects\SnakeXenzia\SnakeXenzia\Debug\link.read.1.tlog
c:\Users\администратор\documents\visual studio 2012\Projects\SnakeXenzia\SnakeXenzia\Debug\link.write.1.tlog
c:\Users\администратор\documents\visual studio 2012\Projects\SnakeXenzia\SnakeXenzia\Debug\metagen.read.1.tlog
c:\Users\администратор\documents\visual studio 2012\Projects\SnakeXenzia\SnakeXenzia\Debug\metagen.write.1.tlog
c:\Users\администратор\documents\visual studio 2012\Projects\SnakeXenzia\SnakeXenzia\Debug\SnakeXenzia.write.1.tlog
c:\Users\администратор\documents\visual studio 2012\Projects\SnakeXenzia\SnakeXenzia\Debug\vc110.pdb
c:\Users\администратор\documents\visual studio 2012\Projects\SnakeXenzia\SnakeXenzia\Debug\RSAENH.DLL.bi
c:\Users\администратор\documents\visual studio 2012\Projects\SnakeXenzia\SnakeXenzia\Debug\TZRES.DLL.bi
c:\users\администратор\documents\visual studio 2012\Projects\SnakeXenzia\Debug\SnakeXenzia.pdb
c:\users\администратор\documents\visual studio 2012\Projects\SnakeXenzia\Debug\SnakeXenzia.exe
c:\users\администратор\documents\visual studio 2012\Projects\SnakeXenzia\Debug\SnakeXenzia.ilk
